# JRE version: OpenJDK Runtime Environment (8.0_252-b09) (build 1.8.0_252-b09)
# Java VM: OpenJDK 64-Bit Server VM (25.252-b09 mixed mode linux-amd64 compressed oops)
Heap:
 PSYoungGen      total 36352K, used 10251K [0x00000000d7780000, 0x00000000da000000, 0x0000000100000000)
  eden space 31232K, 32% used [0x00000000d7780000,0x00000000d8182d08,0x00000000d9600000)
  from space 5120K, 0% used [0x00000000d9600000,0x00000000d9600000,0x00000000d9b00000)
  to   space 5120K, 0% used [0x00000000d9b00000,0x00000000d9b00000,0x00000000da000000)
 ParOldGen       total 127488K, used 23291K [0x0000000086600000, 0x000000008e280000, 0x00000000d7780000)
  object space 127488K, 18% used [0x0000000086600000,0x0000000087cbeec0,0x000000008e280000)
 Metaspace       used 24757K, capacity 24956K, committed 25216K, reserved 1071104K
  class space    used 2854K, capacity 2938K, committed 2944K, reserved 1048576K
GC Heap History (10 events):
Event: 3.696 GC heap before
{Heap before GC invocations=1 (full 0):
 PSYoungGen      total 36352K, used 29000K [0x00000000d7780000, 0x00000000da000000, 0x0000000100000000)
  eden space 31232K, 92% used [0x00000000d7780000,0x00000000d93d2308,0x00000000d9600000)
  from space 5120K, 0% used [0x00000000d9b00000,0x00000000d9b00000,0x00000000da000000)
  to   space 5120K, 0% used [0x00000000d9600000,0x00000000d9600000,0x00000000d9b00000)
 ParOldGen       total 83456K, used 0K [0x0000000086600000, 0x000000008b780000, 0x00000000d7780000)
  object space 83456K, 0% used [0x0000000086600000,0x0000000086600000,0x000000008b780000)
 Metaspace       used 20755K, capacity 20942K, committed 21296K, reserved 1069056K
  class space    used 2494K, capacity 2585K, committed 2688K, reserved 1048576K
Event: 3.711 GC heap after
Heap after GC invocations=1 (full 0):
 PSYoungGen      total 36352K, used 5104K [0x00000000d7780000, 0x00000000da000000, 0x0000000100000000)
  eden space 31232K, 0% used [0x00000000d7780000,0x00000000d7780000,0x00000000d9600000)
  from space 5120K, 99% used [0x00000000d9600000,0x00000000d9afc010,0x00000000d9b00000)
  to   space 5120K, 0% used [0x00000000d9b00000,0x00000000d9b00000,0x00000000da000000)
 ParOldGen       total 83456K, used 1845K [0x0000000086600000, 0x000000008b780000, 0x00000000d7780000)
  object space 83456K, 2% used [0x0000000086600000,0x00000000867cd778,0x000000008b780000)
 Metaspace       used 20755K, capacity 20942K, committed 21296K, reserved 1069056K
  class space    used 2494K, capacity 2585K, committed 2688K, reserved 1048576K
}
Event: 3.711 GC heap before
{Heap before GC invocations=2 (full 1):
 PSYoungGen      total 36352K, used 5104K [0x00000000d7780000, 0x00000000da000000, 0x0000000100000000)
  eden space 31232K, 0% used [0x00000000d7780000,0x00000000d7780000,0x00000000d9600000)
  from space 5120K, 99% used [0x00000000d9600000,0x00000000d9afc010,0x00000000d9b00000)
  to   space 5120K, 0% used [0x00000000d9b00000,0x00000000d9b00000,0x00000000da000000)
 ParOldGen       total 83456K, used 1845K [0x0000000086600000, 0x000000008b780000, 0x00000000d7780000)
  object space 83456K, 2% used [0x0000000086600000,0x00000000867cd778,0x000000008b780000)
 Metaspace       used 20755K, capacity 20942K, committed 21296K, reserved 1069056K
  class space    used 2494K, capacity 2585K, committed 2688K, reserved 1048576K
Event: 3.765 GC heap after
Heap after GC invocations=2 (full 1):
 PSYoungGen      total 36352K, used 0K [0x00000000d7780000, 0x00000000da000000, 0x0000000100000000)
  eden space 31232K, 0% used [0x00000000d7780000,0x00000000d7780000,0x00000000d9600000)
  from space 5120K, 0% used [0x00000000d9600000,0x00000000d9600000,0x00000000d9b00000)
  to   space 5120K, 0% used [0x00000000d9b00000,0x00000000d9b00000,0x00000000da000000)
 ParOldGen       total 65536K, used 6867K [0x0000000086600000, 0x000000008a600000, 0x00000000d7780000)
  object space 65536K, 10% used [0x0000000086600000,0x0000000086cb4f30,0x000000008a600000)
 Metaspace       used 20755K, capacity 20942K, committed 21296K, reserved 1069056K
  class space    used 2494K, capacity 2585K, committed 2688K, reserved 1048576K
}
Event: 177.195 GC heap before
{Heap before GC invocations=3 (full 1):
 PSYoungGen      total 36352K, used 31232K [0x00000000d7780000, 0x00000000da000000, 0x0000000100000000)
  eden space 31232K, 100% used [0x00000000d7780000,0x00000000d9600000,0x00000000d9600000)
  from space 5120K, 0% used [0x00000000d9600000,0x00000000d9600000,0x00000000d9b00000)
  to   space 5120K, 0% used [0x00000000d9b00000,0x00000000d9b00000,0x00000000da000000)
 ParOldGen       total 65536K, used 6867K [0x0000000086600000, 0x000000008a600000, 0x00000000d7780000)
  object space 65536K, 10% used [0x0000000086600000,0x0000000086cb4f30,0x000000008a600000)
 Metaspace       used 24375K, capacity 24596K, committed 24960K, reserved 1071104K
  class space    used 2822K, capacity 2906K, committed 2944K, reserved 1048576K
Event: 177.202 GC heap after
Heap after GC invocations=3 (full 1):
 PSYoungGen      total 36352K, used 1403K [0x00000000d7780000, 0x00000000da000000, 0x0000000100000000)
  eden space 31232K, 0% used [0x00000000d7780000,0x00000000d7780000,0x00000000d9600000)
  from space 5120K, 27% used [0x00000000d9b00000,0x00000000d9c5ed60,0x00000000da000000)
  to   space 5120K, 0% used [0x00000000d9600000,0x00000000d9600000,0x00000000d9b00000)
 ParOldGen       total 65536K, used 6875K [0x0000000086600000, 0x000000008a600000, 0x00000000d7780000)
  object space 65536K, 10% used [0x0000000086600000,0x0000000086cb6f30,0x000000008a600000)
 Metaspace       used 24375K, capacity 24596K, committed 24960K, reserved 1071104K
  class space    used 2822K, capacity 2906K, committed 2944K, reserved 1048576K
}
Event: 191.693 GC heap before
{Heap before GC invocations=4 (full 1):
 PSYoungGen      total 36352K, used 32635K [0x00000000d7780000, 0x00000000da000000, 0x0000000100000000)
  eden space 31232K, 100% used [0x00000000d7780000,0x00000000d9600000,0x00000000d9600000)
  from space 5120K, 27% used [0x00000000d9b00000,0x00000000d9c5ed60,0x00000000da000000)
  to   space 5120K, 0% used [0x00000000d9600000,0x00000000d9600000,0x00000000d9b00000)
 ParOldGen       total 65536K, used 6875K [0x0000000086600000, 0x000000008a600000, 0x00000000d7780000)
  object space 65536K, 10% used [0x0000000086600000,0x0000000086cb6f30,0x000000008a600000)
 Metaspace       used 24726K, capacity 24956K, committed 25216K, reserved 1071104K
  class space    used 2851K, capacity 2938K, committed 2944K, reserved 1048576K
Event: 191.720 GC heap after
Heap after GC invocations=4 (full 1):
 PSYoungGen      total 36352K, used 960K [0x00000000d7780000, 0x00000000da000000, 0x0000000100000000)
  eden space 31232K, 0% used [0x00000000d7780000,0x00000000d7780000,0x00000000d9600000)
  from space 5120K, 18% used [0x00000000d9600000,0x00000000d96f0080,0x00000000d9b00000)
  to   space 5120K, 0% used [0x00000000d9b00000,0x00000000d9b00000,0x00000000da000000)
 ParOldGen       total 65536K, used 53758K [0x0000000086600000, 0x000000008a600000, 0x00000000d7780000)
  object space 65536K, 82% used [0x0000000086600000,0x0000000089a7fb60,0x000000008a600000)
 Metaspace       used 24726K, capacity 24956K, committed 25216K, reserved 1071104K
  class space    used 2851K, capacity 2938K, committed 2944K, reserved 1048576K
}
Event: 191.720 GC heap before
{Heap before GC invocations=5 (full 2):
 PSYoungGen      total 36352K, used 960K [0x00000000d7780000, 0x00000000da000000, 0x0000000100000000)
  eden space 31232K, 0% used [0x00000000d7780000,0x00000000d7780000,0x00000000d9600000)
  from space 5120K, 18% used [0x00000000d9600000,0x00000000d96f0080,0x00000000d9b00000)
  to   space 5120K, 0% used [0x00000000d9b00000,0x00000000d9b00000,0x00000000da000000)
 ParOldGen       total 65536K, used 53758K [0x0000000086600000, 0x000000008a600000, 0x00000000d7780000)
  object space 65536K, 82% used [0x0000000086600000,0x0000000089a7fb60,0x000000008a600000)
 Metaspace       used 24726K, capacity 24956K, committed 25216K, reserved 1071104K
  class space    used 2851K, capacity 2938K, committed 2944K, reserved 1048576K
Event: 191.762 GC heap after
Heap after GC invocations=5 (full 2):
 PSYoungGen      total 36352K, used 0K [0x00000000d7780000, 0x00000000da000000, 0x0000000100000000)
  eden space 31232K, 0% used [0x00000000d7780000,0x00000000d7780000,0x00000000d9600000)
  from space 5120K, 0% used [0x00000000d9600000,0x00000000d9600000,0x00000000d9b00000)
  to   space 5120K, 0% used [0x00000000d9b00000,0x00000000d9b00000,0x00000000da000000)
 ParOldGen       total 127488K, used 23291K [0x0000000086600000, 0x000000008e280000, 0x00000000d7780000)
  object space 127488K, 18% used [0x0000000086600000,0x0000000087cbeec0,0x000000008e280000)
 Metaspace       used 24726K, capacity 24956K, committed 25216K, reserved 1071104K
  class space    used 2851K, capacity 2938K, committed 2944K, reserved 1048576K
}

